<?xml version="1.0" encoding="UTF-8"?>
<testng-results ignored="0" total="0" passed="0" failed="0" skipped="0">
  <reporter-output>
  </reporter-output>
  <suite started-at="2023-08-31T18:43:39 CDT" name="Default suite" finished-at="2023-08-31T18:43:39 CDT" duration-ms="254">
    <groups>
      <group name="cucumber">
        <method signature="AbstractTestNGCucumberTests.runScenario(io.cucumber.testng.PickleWrapper,io.cucumber.testng.FeatureWrapper)[pri:0, instance:runners.SmokeTestRunner@2654635]" name="runScenario" class="io.cucumber.testng.AbstractTestNGCucumberTests"/>
      </group> <!-- cucumber -->
    </groups>
    <test started-at="2023-08-31T18:43:39 CDT" name="Default test" finished-at="2023-08-31T18:43:39 CDT" duration-ms="254">
      <class name="runners.SmokeTestRunner">
        <test-method is-config="true" signature="setUpClass(org.testng.ITestContext)[pri:0, instance:runners.SmokeTestRunner@2654635]" started-at="2023-08-31T18:43:39 CDT" name="setUpClass" finished-at="2023-08-31T18:43:39 CDT" duration-ms="201" status="PASS">
          <params>
            <param index="0">
              <value>
                <![CDATA[org.testng.TestRunner@117e0fe5]]>
              </value>
            </param>
          </params>
          <reporter-output>
          </reporter-output>
        </test-method> <!-- setUpClass -->
        <test-method is-config="true" signature="tearDownClass()[pri:0, instance:runners.SmokeTestRunner@2654635]" started-at="2023-08-31T18:43:39 CDT" name="tearDownClass" finished-at="2023-08-31T18:43:39 CDT" duration-ms="4" status="PASS">
          <reporter-output>
          </reporter-output>
        </test-method> <!-- tearDownClass -->
      </class> <!-- runners.SmokeTestRunner -->
    </test> <!-- Default test -->
  </suite> <!-- Default suite -->
</testng-results>
